epsilon = 1.0e-10
cc -O3 -Wall -Werror -std=c99 -I/home/akshays/Codes/SuperLU_5.2.1/include -shared -fPIC -lm -lblas -L/home/akshays/Codes/SuperLU_5.2.1/lib -lsuperlu ./superlu_util.c -o /tmp/lua_rgp2Ws.so
[0 - 7f3583f81780] {4}{threads}: reservation ('CPU proc 1d00000000000009') cannot be satisfied
======================= Problem parameters ======================
           Nx, Ny, Nz           = 64, 64, 64
           Lx, Ly, Lz           = 2.000000, 2.000000, 2.000000
           dx, dy, dz           = 0.031250, 0.031250, 0.031250
           Time stepping method = CONSTANT_TIME_STEP
           dt                   = 0.001000
           prow, pcol           = 4, 4
           fileIO               = false
================================================================
Finished X matrices initialization
Finished Y matrices initialization
Finished Z matrices initialization
Finished LU initialization
Finished initialization

  Step |        Time |    Timestep |   Error rho |     Error u |     Error p |         TKE
-------|-------------|-------------|-------------|-------------|-------------|------------
     1 |  1.0000e-03 |  1.0000e-03 |  1.4999e+00 |  3.0000e+00 |  1.0000e+00 |  1.0000e+00
     2 |  2.0000e-03 |  1.0000e-03 |  1.4999e+00 |  3.0000e+00 |  1.0000e+00 |  1.0000e+00
     3 |  3.0000e-03 |  1.0000e-03 |  1.0001e+00 |  1.0001e+00 |  1.0001e+00 |  1.0000e+00
     4 |  4.0000e-03 |  1.0000e-03 |  1.5002e+00 |  3.0000e+00 |  1.0000e+00 |  1.0000e+00
     5 |  5.0000e-03 |  1.0000e-03 |  1.5002e+00 |  3.0000e+00 |  1.0000e+00 |  1.0000e+00
     6 |  6.0000e-03 |  1.0000e-03 |  1.5002e+00 |  3.0000e+00 |  1.0000e+00 |  1.0000e+00
     7 |  7.0000e-03 |  1.0000e-03 |  6.6667e-01 |  9.9748e-01 |  1.0000e+00 |  1.0000e+00
     8 |  8.0000e-03 |  1.0000e-03 |  1.5003e+00 |  3.0000e+00 |  1.0000e+00 |  1.0000e+00
     9 |  9.0000e-03 |  1.0000e-03 |  1.5003e+00 |  3.0000e+00 |  1.0000e+00 |  1.0000e+00
    10 |  1.0000e-02 |  1.0000e-03 |  1.5004e+00 |  3.0000e+00 |  1.0000e+00 |  1.0000e+00
    11 |  1.1000e-02 |  1.0000e-03 |  1.5004e+00 |  3.0000e+00 |  1.0000e+00 |  1.0000e+00
    12 |  1.2000e-02 |  1.0000e-03 |  1.5005e+00 |  3.0000e+00 |  1.0000e+00 |  1.0000e+00
    13 |  1.3000e-02 |  1.0000e-03 |  1.5005e+00 |  3.0000e+00 |  1.0000e+00 |  1.0000e+00
    14 |  1.4000e-02 |  1.0000e-03 |  1.5006e+00 |  3.0000e+00 |  1.0000e+00 |  1.0000e+00
    15 |  1.5000e-02 |  1.0000e-03 |  1.5007e+00 |  3.0000e+00 |  1.0000e+00 |  1.0000e+00
    16 |  1.6000e-02 |  1.0000e-03 |  1.5007e+00 |  3.0000e+00 |  1.0000e+00 |  1.0000e+00
    17 |  1.7000e-02 |  1.0000e-03 |  1.5008e+00 |  3.0000e+00 |  1.0000e+00 |  1.0000e+00
    18 |  1.8000e-02 |  1.0000e-03 |  1.5009e+00 |  3.0000e+00 |  1.0000e+00 |  1.0000e+00
    19 |  1.9000e-02 |  1.0000e-03 |  1.5010e+00 |  3.0000e+00 |  1.0000e+00 |  1.0000e+00
    20 |  2.0000e-02 |  1.0000e-03 |  1.4990e+00 |  3.0000e+00 |  1.0000e+00 |  1.0000e+00
    21 |  2.1000e-02 |  1.0000e-03 |  6.6667e-01 |  1.0065e+00 |  1.0000e+00 |  1.0000e+00
    22 |  2.2000e-02 |  1.0000e-03 |  1.0000e-03 | -1.0564e+00 |  1.8817e-01 |  1.0000e+00
    23 |  2.3000e-02 |  1.0000e-03 |  1.5013e+00 |  3.0000e+00 |  1.0000e+00 |  1.0000e+00
    24 |  2.4000e-02 |  1.0000e-03 |  1.4986e+00 |  3.0000e+00 |  1.0000e+00 |  1.0000e+00
    25 |  2.5000e-02 |  1.0000e-03 |  1.5939e+00 |  3.0000e+00 |  1.0000e+00 |  1.0000e+00
    26 |  2.6000e-02 |  1.0000e-03 |  1.4039e+00 |  3.0000e+00 |  1.0000e+00 |  1.0000e+00
    27 |  2.7000e-02 |  1.0000e-03 |  1.5018e+00 |  3.0000e+00 |  1.0000e+00 |  1.0000e+00
    28 |  2.8000e-02 |  1.0000e-03 |  1.0000e-03 | -1.0564e+00 |  1.8817e-01 |  1.0000e+00
    29 |  2.9000e-02 |  1.0000e-03 |  1.4980e+00 |  3.0000e+00 |  1.0000e+00 |  1.0000e+00
    30 |  3.0000e-02 |  1.0000e-03 |  1.5022e+00 |  3.0000e+00 |  1.0000e+00 |  1.0000e+00
    31 |  3.1000e-02 |  1.0000e-03 |  1.4977e+00 |  3.0000e+00 |  1.0000e+00 |  1.0000e+00
    32 |  3.2000e-02 |  1.0000e-03 |  1.5025e+00 |  3.0000e+00 |  1.0000e+00 |  1.0000e+00
    33 |  3.3000e-02 |  1.0000e-03 |  1.4974e+00 |  3.0000e+00 |  1.0000e+00 |  1.0000e+00
    34 |  3.4000e-02 |  1.0000e-03 |  1.4972e+00 |  3.0000e+00 |  1.0000e+00 |  1.0000e+00
    35 |  3.5000e-02 |  1.0000e-03 |  1.4970e+00 |  3.0000e+00 |  1.0000e+00 |  1.0000e+00
    36 |  3.6000e-02 |  1.0000e-03 |  1.5193e+00 |  3.0000e+00 |  1.0000e+00 |  1.0000e+00
    37 |  3.7000e-02 |  1.0000e-03 |  1.5033e+00 |  3.0000e+00 |  1.0000e+00 |  1.0000e+00
    38 |  3.8000e-02 |  1.0000e-03 |  1.5035e+00 |  3.0000e+00 |  1.0000e+00 |  1.0000e+00
    39 |  3.9000e-02 |  1.0000e-03 |  6.6667e-01 |  9.8563e-01 |  1.0000e+00 |  1.0000e+00
    40 |  4.0000e-02 |  1.0000e-03 |  6.6667e-01 |  1.0149e+00 |  1.0000e+00 |  1.0000e+00
    41 |  4.1000e-02 |  1.0000e-03 |  1.4958e+00 |  3.0000e+00 |  1.0000e+00 |  1.0000e+00
    42 |  4.2000e-02 |  1.0000e-03 |  6.6667e-01 |  1.0029e+00 |  1.0000e+00 |  1.0000e+00
    43 |  4.3000e-02 |  1.0000e-03 |  1.5046e+00 |  3.0000e+00 |  1.0000e+00 |  1.0000e+00
    44 |  4.4000e-02 |  1.0000e-03 |  1.5256e+00 |  3.0000e+00 |  1.0000e+00 |  1.0000e+00
    45 |  4.5000e-02 |  1.0000e-03 |  1.5051e+00 |  3.0000e+00 |  1.0000e+00 |  1.0000e+00
    46 |  4.6000e-02 |  1.0000e-03 |  1.5272e+00 |  3.0000e+00 |  1.0000e+00 |  1.0000e+00
    47 |  4.7000e-02 |  1.0000e-03 | 3.3528e-312 | 3.5225e-312 | 2.2705e-312 |  1.0000e+00
    48 |  4.8000e-02 |  1.0000e-03 |  1.5059e+00 |  3.0000e+00 |  1.0000e+00 |  1.0000e+00
    49 |  4.9000e-02 |  1.0000e-03 |  1.4939e+00 |  3.0000e+00 |  1.0000e+00 |  1.0000e+00
    50 |  5.0000e-02 |  1.0000e-03 |  1.5308e+00 |  3.0000e+00 |  1.0000e+00 |  1.0000e+00

  Step |        Time |    Timestep |   Error rho |     Error u |     Error p |         TKE
-------|-------------|-------------|-------------|-------------|-------------|------------
    51 |  5.1000e-02 |  1.0000e-03 |  1.5067e+00 |  3.0000e+00 |  1.0000e+00 |  1.0000e+00
    52 |  5.2000e-02 |  1.0000e-03 |  6.6667e-01 |  8.9926e-01 |  1.0000e+00 |  1.0000e+00
    53 |  5.3000e-02 |  1.0000e-03 |  1.5073e+00 |  3.0000e+00 |  1.0000e+00 |  1.0000e+00
    54 |  5.4000e-02 |  1.0000e-03 |  1.4923e+00 |  3.0000e+00 |  1.0000e+00 |  1.0000e+00
    55 |  5.5000e-02 |  1.0000e-03 |  1.5354e+00 |  3.0000e+00 |  1.0000e+00 |  1.0000e+00
    56 |  5.6000e-02 |  1.0000e-03 |  1.5083e+00 |  3.0000e+00 |  1.0000e+00 |  1.0000e+00
    57 |  5.7000e-02 |  1.0000e-03 |  1.4626e+00 |  3.0000e+00 |  1.0000e+00 |  1.0000e+00
    58 |  5.8000e-02 |  1.0000e-03 |  1.5090e+00 |  3.0000e+00 |  1.0000e+00 |  1.0000e+00
    59 |  5.9000e-02 |  1.0000e-03 |  1.5394e+00 |  3.0000e+00 |  1.0000e+00 |  1.0000e+00
    60 |  6.0000e-02 |  1.0000e-03 |  6.6667e-01 |  1.0269e+00 |  1.0000e+00 |  1.0000e+00
    61 |  6.1000e-02 |  1.0000e-03 | 3.4376e-312 | 3.6074e-312 | 2.2705e-312 |  1.0000e+00
    62 |  6.2000e-02 |  1.0000e-03 |  1.0000e-03 | -1.0564e+00 |  1.8817e-01 |  1.0000e+00
    63 |  6.3000e-02 |  1.0000e-03 |  1.5110e+00 |  3.0000e+00 |  1.0000e+00 |  1.0000e+00
    64 |  6.4000e-02 |  1.0000e-03 |  1.5114e+00 |  3.0000e+00 |  1.0000e+00 |  1.0000e+00
    65 |  6.5000e-02 |  1.0000e-03 |  1.6761e+00 |  3.0000e+00 |  1.0000e+00 |  1.0000e+00
    66 |  6.6000e-02 |  1.0000e-03 |  1.5122e+00 |  3.0000e+00 |  1.0000e+00 |  1.0000e+00
    67 |  6.7000e-02 |  1.0000e-03 |  1.5478e+00 |  3.0000e+00 |  1.0000e+00 |  1.0000e+00
    68 |  6.8000e-02 |  1.0000e-03 |  1.5131e+00 |  3.0000e+00 |  1.0000e+00 |  1.0000e+00
    69 |  6.9000e-02 |  1.0000e-03 |  1.4864e+00 |  3.0000e+00 |  1.0000e+00 |  1.0000e+00
    70 |  7.0000e-02 |  1.0000e-03 |  1.5141e+00 |  3.0000e+00 |  1.0000e+00 |  1.0000e+00
    71 |  7.1000e-02 |  1.0000e-03 |  1.4854e+00 |  3.0000e+00 |  1.0000e+00 |  1.0000e+00
    72 |  7.2000e-02 |  1.0000e-03 |  1.5151e+00 |  3.0000e+00 |  1.0000e+00 |  1.0000e+00
    73 |  7.3000e-02 |  1.0000e-03 |  1.5156e+00 |  3.0000e+00 |  1.0000e+00 |  1.0000e+00
    74 |  7.4000e-02 |  1.0000e-03 |  6.6667e-01 |  1.0371e+00 |  1.0000e+00 |  1.0000e+00
    75 |  7.5000e-02 |  1.0000e-03 |  1.4432e+00 |  3.0000e+00 |  1.0000e+00 |  1.0000e+00
    76 |  7.6000e-02 |  1.0000e-03 |  1.5580e+00 |  3.0000e+00 |  1.0000e+00 |  1.0000e+00
    77 |  7.7000e-02 |  1.0000e-03 |  1.4823e+00 |  3.0000e+00 |  1.0000e+00 |  1.0000e+00
    78 |  7.8000e-02 |  1.0000e-03 |  6.6667e-01 |  1.0122e+00 |  1.0000e+00 |  1.0000e+00
    79 |  7.9000e-02 |  1.0000e-03 |  6.6667e-01 |  1.0410e+00 |  1.0000e+00 |  1.0000e+00
    80 |  8.0000e-02 |  1.0000e-03 |  1.5627e+00 |  3.0000e+00 |  1.0000e+00 |  1.0000e+00
    81 |  8.1000e-02 |  1.0000e-03 |  1.5639e+00 |  3.0000e+00 |  1.0000e+00 |  1.0000e+00
    82 |  8.2000e-02 |  1.0000e-03 |  1.5206e+00 |  3.0000e+00 |  1.0000e+00 |  1.0000e+00
    83 |  8.3000e-02 |  1.0000e-03 |  1.5664e+00 |  3.0000e+00 |  1.0000e+00 |  1.0000e+00
    84 |  8.4000e-02 |  1.0000e-03 |  1.5219e+00 |  3.0000e+00 |  1.0000e+00 |  1.0000e+00
    85 |  8.5000e-02 |  1.0000e-03 |  1.5689e+00 |  3.0000e+00 |  1.0000e+00 |  1.0000e+00
    86 |  8.6000e-02 |  1.0000e-03 |  1.2878e+00 |  3.0000e+00 |  1.0000e+00 |  1.0000e+00
    87 |  8.7000e-02 |  1.0000e-03 |  1.4286e+00 |  3.0000e+00 |  1.0000e+00 |  1.0000e+00
    88 |  8.8000e-02 |  1.0000e-03 |  1.5727e+00 |  3.0000e+00 |  1.0000e+00 |  1.0000e+00
    89 |  8.9000e-02 |  1.0000e-03 |  1.2831e+00 |  3.0000e+00 |  1.0000e+00 |  1.0000e+00
    90 |  9.0000e-02 |  1.0000e-03 |  6.6667e-01 |  9.8271e-01 |  1.0000e+00 |  1.0000e+00
    91 |  9.1000e-02 |  1.0000e-03 |  1.4734e+00 |  3.0000e+00 |  1.0000e+00 |  1.0000e+00
    92 |  9.2000e-02 |  1.0000e-03 |  6.6667e-01 |  1.0519e+00 |  1.0000e+00 |  1.0000e+00
    93 |  9.3000e-02 |  1.0000e-03 |  1.5281e+00 |  3.0000e+00 |  1.0000e+00 |  1.0000e+00
    94 |  9.4000e-02 |  1.0000e-03 |  1.5805e+00 |  3.0000e+00 |  1.0000e+00 |  1.0000e+00
    95 |  9.5000e-02 |  1.0000e-03 |  1.2742e+00 |  3.0000e+00 |  1.0000e+00 |  1.0000e+00
    96 |  9.6000e-02 |  1.0000e-03 |  1.4169e+00 |  3.0000e+00 |  1.0000e+00 |  1.0000e+00
    97 |  9.7000e-02 |  1.0000e-03 |  1.4688e+00 |  3.0000e+00 |  1.0000e+00 |  1.0000e+00
    98 |  9.8000e-02 |  1.0000e-03 |  1.5320e+00 |  3.0000e+00 |  1.0000e+00 |  1.0000e+00
    99 |  9.9000e-02 |  1.0000e-03 |  1.5328e+00 |  3.0000e+00 |  1.0000e+00 |  1.0000e+00
   100 |  1.0000e-01 |  1.0000e-03 |  1.5336e+00 |  3.0000e+00 |  1.0000e+00 |  1.0000e+00

  Step |        Time |    Timestep |   Error rho |     Error u |     Error p |         TKE
-------|-------------|-------------|-------------|-------------|-------------|------------
   101 |  1.0100e-01 |  1.0000e-03 |  1.4101e+00 |  3.0000e+00 |  1.0000e+00 |  1.0000e+00
   102 |  1.0200e-01 |  1.0000e-03 |  6.6667e-01 |  8.4297e-01 |  1.0000e+00 |  1.0000e+00
   103 |  1.0300e-01 |  1.0000e-03 |  1.4638e+00 |  3.0000e+00 |  1.0000e+00 |  1.0000e+00
   104 |  1.0400e-01 |  1.0000e-03 | 3.4376e-312 | 3.6074e-312 | 2.2705e-312 |  1.0000e+00
   105 |  1.0500e-01 |  1.0000e-03 |  1.2605e+00 |  3.0000e+00 |  1.0000e+00 |  1.0000e+00
   106 |  1.0600e-01 |  1.0000e-03 |  1.4032e+00 |  3.0000e+00 |  1.0000e+00 |  1.0000e+00
   107 |  1.0700e-01 |  1.0000e-03 |  1.5981e+00 |  3.0000e+00 |  1.0000e+00 |  1.0000e+00
   108 |  1.0800e-01 |  1.0000e-03 |  1.5407e+00 |  3.0000e+00 |  1.0000e+00 |  1.0000e+00
   109 |  1.0900e-01 |  1.0000e-03 |  1.5417e+00 |  3.0000e+00 |  1.0000e+00 |  1.0000e+00
   110 |  1.1000e-01 |  1.0000e-03 |  1.6024e+00 |  3.0000e+00 |  1.0000e+00 |  1.0000e+00
   111 |  1.1100e-01 |  1.0000e-03 |  1.5436e+00 |  3.0000e+00 |  1.0000e+00 |  1.0000e+00
   112 |  1.1200e-01 |  1.0000e-03 |  1.5446e+00 |  3.0000e+00 |  1.0000e+00 |  1.0000e+00
   113 |  1.1300e-01 |  1.0000e-03 |  1.4544e+00 |  3.0000e+00 |  1.0000e+00 |  1.0000e+00
   114 |  1.1400e-01 |  1.0000e-03 |  6.6667e-01 |  9.2798e-01 |  1.0000e+00 |  1.0000e+00
   115 |  1.1500e-01 |  1.0000e-03 |  1.5476e+00 |  3.0000e+00 |  1.0000e+00 |  1.0000e+00
   116 |  1.1600e-01 |  1.0000e-03 |  1.5487e+00 |  3.0000e+00 |  1.0000e+00 |  1.0000e+00
   117 |  1.1700e-01 |  1.0000e-03 |  1.0000e-03 | -1.0564e+00 |  1.8817e-01 |  1.0000e+00
   118 |  1.1800e-01 |  1.0000e-03 |  1.5508e+00 |  3.0000e+00 |  1.0000e+00 |  1.0000e+00
   119 |  1.1900e-01 |  1.0000e-03 |  1.6152e+00 |  3.0000e+00 |  1.0000e+00 |  1.0000e+00
   120 |  1.2000e-01 |  1.0000e-03 |  1.5530e+00 |  3.0000e+00 |  1.0000e+00 |  1.0000e+00
   121 |  1.2100e-01 |  1.0000e-03 |  1.0000e-03 | -1.0564e+00 |  1.8817e-01 |  1.0000e+00
   122 |  1.2200e-01 |  1.0000e-03 |  1.7591e+00 |  3.0000e+00 |  1.0000e+00 |  1.0000e+00
   123 |  1.2300e-01 |  1.0000e-03 |  1.6210e+00 |  3.0000e+00 |  1.0000e+00 |  1.0000e+00
   124 |  1.2400e-01 |  1.0000e-03 |  1.6225e+00 |  3.0000e+00 |  1.0000e+00 |  1.0000e+00
   125 |  1.2500e-01 |  1.0000e-03 |  1.4414e+00 |  3.0000e+00 |  1.0000e+00 |  1.0000e+00

Error in rho = 2.42069e-10
Error in u   = 8.21565e-15
Error in v   = 8.21565e-15
Error in w   = 9.54792e-15
Error in p   = 1.44329e-14

Average time per time step =  1.89965e+01
