:/home/akshays/Codes/hdf5-1.8.18/lib:/home/akshays/Codes/SuperLU_5.2.1/lib:/home/akshays/Codes/legion/bindings/terra:/home/akshays/Codes/hdf5-1.8.18/lib:/home/akshays/Codes/SuperLU_5.2.1/lib:/home/akshays/Codes/legion/bindings/terra:/home/akshays/Codes/WCHR-regent/src
[0 - 7f390c839780] {4}{threads}: reservation ('DMA request queue') cannot be satisfied
======================= Problem parameters ======================
           Nx, Ny, Nz           = 64, 64, 64
           Lx, Ly, Lz           = 2.000000, 2.000000, 2.000000
           dx, dy, dz           = 0.031250, 0.031250, 0.031250
           Time stepping method = CONSTANT_TIME_STEP
           dt                   = 0.001000
           prow, pcol           = 1, 1
           fileIO               = true
           prefix               = advection_3D_uzi_
================================================================
Finished X matrices initialization
Finished Y matrices initialization
Finished Z matrices initialization
Finished LU initialization
Finished initialization

Writing visualization file advection_3D_uzi_0000_px0000_pz0000.h5

  Step |        Time |    Timestep |     Min rho |     Max rho |       Min p |       Max p
-------|-------------|-------------|-------------|-------------|-------------|------------
     1 |  1.0000e-03 |  1.0000e-03 |  0.0000e+00 |  0.0000e+00 |  0.0000e+00 |  1.0000e+00
     2 |  2.0000e-03 |  1.0000e-03 |  0.0000e+00 |  0.0000e+00 |  0.0000e+00 |  1.0000e+00
     3 |  3.0000e-03 |  1.0000e-03 |  0.0000e+00 |  0.0000e+00 |  0.0000e+00 |  1.0000e+00
     4 |  4.0000e-03 |  1.0000e-03 |  0.0000e+00 |  0.0000e+00 |  0.0000e+00 |  1.0000e+00
     5 |  5.0000e-03 |  1.0000e-03 |  0.0000e+00 |  0.0000e+00 |  0.0000e+00 |  1.0000e+00
     6 |  6.0000e-03 |  1.0000e-03 |  0.0000e+00 |  0.0000e+00 |  0.0000e+00 |  1.0000e+00
     7 |  7.0000e-03 |  1.0000e-03 |  0.0000e+00 |  0.0000e+00 |  0.0000e+00 |  1.0000e+00
     8 |  8.0000e-03 |  1.0000e-03 |  0.0000e+00 |  0.0000e+00 |  0.0000e+00 |  1.0000e+00
     9 |  9.0000e-03 |  1.0000e-03 |  0.0000e+00 |  0.0000e+00 |  0.0000e+00 |  1.0000e+00
    10 |  1.0000e-02 |  1.0000e-03 |  0.0000e+00 |  0.0000e+00 |  0.0000e+00 |  1.0000e+00
    11 |  1.1000e-02 |  1.0000e-03 |  0.0000e+00 |  0.0000e+00 |  0.0000e+00 |  1.0000e+00
    12 |  1.2000e-02 |  1.0000e-03 |  0.0000e+00 |  0.0000e+00 |  0.0000e+00 |  1.0000e+00
    13 |  1.3000e-02 |  1.0000e-03 |  0.0000e+00 |  0.0000e+00 |  0.0000e+00 |  1.0000e+00
    14 |  1.4000e-02 |  1.0000e-03 |  0.0000e+00 |  0.0000e+00 |  0.0000e+00 |  1.0000e+00
    15 |  1.5000e-02 |  1.0000e-03 |  0.0000e+00 |  0.0000e+00 |  0.0000e+00 |  1.0000e+00
    16 |  1.6000e-02 |  1.0000e-03 |  0.0000e+00 |  0.0000e+00 |  0.0000e+00 |  1.0000e+00
    17 |  1.7000e-02 |  1.0000e-03 |  0.0000e+00 |  0.0000e+00 |  0.0000e+00 |  1.0000e+00
    18 |  1.8000e-02 |  1.0000e-03 |  0.0000e+00 |  0.0000e+00 |  0.0000e+00 |  1.0000e+00
    19 |  1.9000e-02 |  1.0000e-03 |  0.0000e+00 |  0.0000e+00 |  0.0000e+00 |  1.0000e+00
    20 |  2.0000e-02 |  1.0000e-03 |  0.0000e+00 |  0.0000e+00 |  0.0000e+00 |  1.0000e+00
    21 |  2.1000e-02 |  1.0000e-03 |  0.0000e+00 |  0.0000e+00 |  0.0000e+00 |  1.0000e+00
    22 |  2.2000e-02 |  1.0000e-03 |  0.0000e+00 |  0.0000e+00 |  0.0000e+00 |  1.0000e+00
    23 |  2.3000e-02 |  1.0000e-03 |  0.0000e+00 |  0.0000e+00 |  0.0000e+00 |  1.0000e+00
    24 |  2.4000e-02 |  1.0000e-03 |  0.0000e+00 |  0.0000e+00 |  0.0000e+00 |  1.0000e+00
    25 |  2.5000e-02 |  1.0000e-03 |  0.0000e+00 |  0.0000e+00 |  0.0000e+00 |  1.0000e+00
    26 |  2.6000e-02 |  1.0000e-03 |  0.0000e+00 |  0.0000e+00 |  0.0000e+00 |  1.0000e+00
    27 |  2.7000e-02 |  1.0000e-03 |  0.0000e+00 |  0.0000e+00 |  0.0000e+00 |  1.0000e+00
    28 |  2.8000e-02 |  1.0000e-03 |  0.0000e+00 |  0.0000e+00 |  0.0000e+00 |  1.0000e+00
    29 |  2.9000e-02 |  1.0000e-03 |  0.0000e+00 |  0.0000e+00 |  0.0000e+00 |  1.0000e+00
    30 |  3.0000e-02 |  1.0000e-03 |  0.0000e+00 |  0.0000e+00 |  0.0000e+00 |  1.0000e+00
    31 |  3.1000e-02 |  1.0000e-03 |  0.0000e+00 |  0.0000e+00 |  0.0000e+00 |  1.0000e+00
    32 |  3.2000e-02 |  1.0000e-03 |  0.0000e+00 |  0.0000e+00 |  0.0000e+00 |  1.0000e+00
    33 |  3.3000e-02 |  1.0000e-03 |  0.0000e+00 |  0.0000e+00 |  0.0000e+00 |  1.0000e+00
    34 |  3.4000e-02 |  1.0000e-03 |  0.0000e+00 |  0.0000e+00 |  0.0000e+00 |  1.0000e+00
    35 |  3.5000e-02 |  1.0000e-03 |  0.0000e+00 |  0.0000e+00 |  0.0000e+00 |  1.0000e+00
    36 |  3.6000e-02 |  1.0000e-03 |  0.0000e+00 |  0.0000e+00 |  0.0000e+00 |  1.0000e+00
    37 |  3.7000e-02 |  1.0000e-03 |  0.0000e+00 |  0.0000e+00 |  0.0000e+00 |  1.0000e+00
    38 |  3.8000e-02 |  1.0000e-03 |  0.0000e+00 |  0.0000e+00 |  0.0000e+00 |  1.0000e+00
    39 |  3.9000e-02 |  1.0000e-03 |  0.0000e+00 |  0.0000e+00 |  0.0000e+00 |  1.0000e+00
    40 |  4.0000e-02 |  1.0000e-03 |  0.0000e+00 |  0.0000e+00 |  0.0000e+00 |  1.0000e+00
    41 |  4.1000e-02 |  1.0000e-03 |  0.0000e+00 |  0.0000e+00 |  0.0000e+00 |  1.0000e+00
    42 |  4.2000e-02 |  1.0000e-03 |  0.0000e+00 |  0.0000e+00 |  0.0000e+00 |  1.0000e+00
    43 |  4.3000e-02 |  1.0000e-03 |  0.0000e+00 |  0.0000e+00 |  0.0000e+00 |  1.0000e+00
    44 |  4.4000e-02 |  1.0000e-03 |  0.0000e+00 |  0.0000e+00 |  0.0000e+00 |  1.0000e+00
    45 |  4.5000e-02 |  1.0000e-03 |  0.0000e+00 |  0.0000e+00 |  0.0000e+00 |  1.0000e+00
    46 |  4.6000e-02 |  1.0000e-03 |  0.0000e+00 |  0.0000e+00 |  0.0000e+00 |  1.0000e+00
    47 |  4.7000e-02 |  1.0000e-03 |  0.0000e+00 |  0.0000e+00 |  0.0000e+00 |  1.0000e+00
    48 |  4.8000e-02 |  1.0000e-03 |  0.0000e+00 |  0.0000e+00 |  0.0000e+00 |  1.0000e+00
    49 |  4.9000e-02 |  1.0000e-03 |  0.0000e+00 |  0.0000e+00 |  0.0000e+00 |  1.0000e+00
    50 |  5.0000e-02 |  1.0000e-03 |  0.0000e+00 |  0.0000e+00 |  0.0000e+00 |  1.0000e+00

  Step |        Time |    Timestep |     Min rho |     Max rho |       Min p |       Max p
-------|-------------|-------------|-------------|-------------|-------------|------------
    51 |  5.1000e-02 |  1.0000e-03 |  0.0000e+00 |  0.0000e+00 |  0.0000e+00 |  1.0000e+00
    52 |  5.2000e-02 |  1.0000e-03 |  0.0000e+00 |  0.0000e+00 |  0.0000e+00 |  1.0000e+00
    53 |  5.3000e-02 |  1.0000e-03 |  0.0000e+00 |  0.0000e+00 |  0.0000e+00 |  1.0000e+00
    54 |  5.4000e-02 |  1.0000e-03 |  0.0000e+00 |  0.0000e+00 |  0.0000e+00 |  1.0000e+00
    55 |  5.5000e-02 |  1.0000e-03 |  0.0000e+00 |  0.0000e+00 |  0.0000e+00 |  1.0000e+00
    56 |  5.6000e-02 |  1.0000e-03 |  0.0000e+00 |  0.0000e+00 |  0.0000e+00 |  1.0000e+00
    57 |  5.7000e-02 |  1.0000e-03 |  0.0000e+00 |  0.0000e+00 |  0.0000e+00 |  1.0000e+00
    58 |  5.8000e-02 |  1.0000e-03 |  0.0000e+00 |  0.0000e+00 |  0.0000e+00 |  1.0000e+00
    59 |  5.9000e-02 |  1.0000e-03 |  0.0000e+00 |  0.0000e+00 |  0.0000e+00 |  1.0000e+00
    60 |  6.0000e-02 |  1.0000e-03 |  0.0000e+00 |  0.0000e+00 |  0.0000e+00 |  1.0000e+00
    61 |  6.1000e-02 |  1.0000e-03 |  0.0000e+00 |  0.0000e+00 |  0.0000e+00 |  1.0000e+00
    62 |  6.2000e-02 |  1.0000e-03 |  0.0000e+00 |  0.0000e+00 |  0.0000e+00 |  1.0000e+00

Writing visualization file advection_3D_uzi_0001_px0000_pz0000.h5
    63 |  6.2500e-02 |  5.0000e-04 |  0.0000e+00 |  0.0000e+00 |  0.0000e+00 |  1.0000e+00
    64 |  6.3500e-02 |  1.0000e-03 |  0.0000e+00 |  0.0000e+00 |  0.0000e+00 |  1.0000e+00
    65 |  6.4500e-02 |  1.0000e-03 |  0.0000e+00 |  0.0000e+00 |  0.0000e+00 |  1.0000e+00
    66 |  6.5500e-02 |  1.0000e-03 |  0.0000e+00 |  0.0000e+00 |  0.0000e+00 |  1.0000e+00
    67 |  6.6500e-02 |  1.0000e-03 |  0.0000e+00 |  0.0000e+00 |  0.0000e+00 |  1.0000e+00
    68 |  6.7500e-02 |  1.0000e-03 |  0.0000e+00 |  0.0000e+00 |  0.0000e+00 |  1.0000e+00
    69 |  6.8500e-02 |  1.0000e-03 |  0.0000e+00 |  0.0000e+00 |  0.0000e+00 |  1.0000e+00
    70 |  6.9500e-02 |  1.0000e-03 |  0.0000e+00 |  0.0000e+00 |  0.0000e+00 |  1.0000e+00
    71 |  7.0500e-02 |  1.0000e-03 |  0.0000e+00 |  0.0000e+00 |  0.0000e+00 |  1.0000e+00
    72 |  7.1500e-02 |  1.0000e-03 |  0.0000e+00 |  0.0000e+00 |  0.0000e+00 |  1.0000e+00
    73 |  7.2500e-02 |  1.0000e-03 |  0.0000e+00 |  0.0000e+00 |  0.0000e+00 |  1.0000e+00
    74 |  7.3500e-02 |  1.0000e-03 |  0.0000e+00 |  0.0000e+00 |  0.0000e+00 |  1.0000e+00
    75 |  7.4500e-02 |  1.0000e-03 |  0.0000e+00 |  0.0000e+00 |  0.0000e+00 |  1.0000e+00
    76 |  7.5500e-02 |  1.0000e-03 |  0.0000e+00 |  0.0000e+00 |  0.0000e+00 |  1.0000e+00
    77 |  7.6500e-02 |  1.0000e-03 |  0.0000e+00 |  0.0000e+00 |  0.0000e+00 |  1.0000e+00
    78 |  7.7500e-02 |  1.0000e-03 |  0.0000e+00 |  0.0000e+00 |  0.0000e+00 |  1.0000e+00
    79 |  7.8500e-02 |  1.0000e-03 |  0.0000e+00 |  0.0000e+00 |  0.0000e+00 |  1.0000e+00
    80 |  7.9500e-02 |  1.0000e-03 |  0.0000e+00 |  0.0000e+00 |  0.0000e+00 |  1.0000e+00
    81 |  8.0500e-02 |  1.0000e-03 |  0.0000e+00 |  0.0000e+00 |  0.0000e+00 |  1.0000e+00
    82 |  8.1500e-02 |  1.0000e-03 |  0.0000e+00 |  0.0000e+00 |  0.0000e+00 |  1.0000e+00
    83 |  8.2500e-02 |  1.0000e-03 |  0.0000e+00 |  0.0000e+00 |  0.0000e+00 |  1.0000e+00
    84 |  8.3500e-02 |  1.0000e-03 |  0.0000e+00 |  0.0000e+00 |  0.0000e+00 |  1.0000e+00
    85 |  8.4500e-02 |  1.0000e-03 |  0.0000e+00 |  0.0000e+00 |  0.0000e+00 |  1.0000e+00
    86 |  8.5500e-02 |  1.0000e-03 |  0.0000e+00 |  0.0000e+00 |  0.0000e+00 |  1.0000e+00
    87 |  8.6500e-02 |  1.0000e-03 |  0.0000e+00 |  0.0000e+00 |  0.0000e+00 |  1.0000e+00
    88 |  8.7500e-02 |  1.0000e-03 |  0.0000e+00 |  0.0000e+00 |  0.0000e+00 |  1.0000e+00
    89 |  8.8500e-02 |  1.0000e-03 |  0.0000e+00 |  0.0000e+00 |  0.0000e+00 |  1.0000e+00
    90 |  8.9500e-02 |  1.0000e-03 |  0.0000e+00 |  0.0000e+00 |  0.0000e+00 |  1.0000e+00
    91 |  9.0500e-02 |  1.0000e-03 |  0.0000e+00 |  0.0000e+00 |  0.0000e+00 |  1.0000e+00
    92 |  9.1500e-02 |  1.0000e-03 |  0.0000e+00 |  0.0000e+00 |  0.0000e+00 |  1.0000e+00
    93 |  9.2500e-02 |  1.0000e-03 |  0.0000e+00 |  0.0000e+00 |  0.0000e+00 |  1.0000e+00
    94 |  9.3500e-02 |  1.0000e-03 |  0.0000e+00 |  0.0000e+00 |  0.0000e+00 |  1.0000e+00
    95 |  9.4500e-02 |  1.0000e-03 |  0.0000e+00 |  0.0000e+00 |  0.0000e+00 |  1.0000e+00
    96 |  9.5500e-02 |  1.0000e-03 |  0.0000e+00 |  0.0000e+00 |  0.0000e+00 |  1.0000e+00
    97 |  9.6500e-02 |  1.0000e-03 |  0.0000e+00 |  0.0000e+00 |  0.0000e+00 |  1.0000e+00
    98 |  9.7500e-02 |  1.0000e-03 |  0.0000e+00 |  0.0000e+00 |  0.0000e+00 |  1.0000e+00
    99 |  9.8500e-02 |  1.0000e-03 |  0.0000e+00 |  0.0000e+00 |  0.0000e+00 |  1.0000e+00
   100 |  9.9500e-02 |  1.0000e-03 |  0.0000e+00 |  0.0000e+00 |  0.0000e+00 |  1.0000e+00

  Step |        Time |    Timestep |     Min rho |     Max rho |       Min p |       Max p
-------|-------------|-------------|-------------|-------------|-------------|------------
   101 |  1.0050e-01 |  1.0000e-03 |  0.0000e+00 |  0.0000e+00 |  0.0000e+00 |  1.0000e+00
   102 |  1.0150e-01 |  1.0000e-03 |  0.0000e+00 |  0.0000e+00 |  0.0000e+00 |  1.0000e+00
   103 |  1.0250e-01 |  1.0000e-03 |  0.0000e+00 |  0.0000e+00 |  0.0000e+00 |  1.0000e+00
   104 |  1.0350e-01 |  1.0000e-03 |  0.0000e+00 |  0.0000e+00 |  0.0000e+00 |  1.0000e+00
   105 |  1.0450e-01 |  1.0000e-03 |  0.0000e+00 |  0.0000e+00 |  0.0000e+00 |  1.0000e+00
   106 |  1.0550e-01 |  1.0000e-03 |  0.0000e+00 |  0.0000e+00 |  0.0000e+00 |  1.0000e+00
   107 |  1.0650e-01 |  1.0000e-03 |  0.0000e+00 |  0.0000e+00 |  0.0000e+00 |  1.0000e+00
   108 |  1.0750e-01 |  1.0000e-03 |  0.0000e+00 |  0.0000e+00 |  0.0000e+00 |  1.0000e+00
   109 |  1.0850e-01 |  1.0000e-03 |  0.0000e+00 |  0.0000e+00 |  0.0000e+00 |  1.0000e+00
   110 |  1.0950e-01 |  1.0000e-03 |  0.0000e+00 |  0.0000e+00 |  0.0000e+00 |  1.0000e+00
   111 |  1.1050e-01 |  1.0000e-03 |  0.0000e+00 |  0.0000e+00 |  0.0000e+00 |  1.0000e+00
   112 |  1.1150e-01 |  1.0000e-03 |  0.0000e+00 |  0.0000e+00 |  0.0000e+00 |  1.0000e+00
   113 |  1.1250e-01 |  1.0000e-03 |  0.0000e+00 |  0.0000e+00 |  0.0000e+00 |  1.0000e+00
   114 |  1.1350e-01 |  1.0000e-03 |  0.0000e+00 |  0.0000e+00 |  0.0000e+00 |  1.0000e+00
   115 |  1.1450e-01 |  1.0000e-03 |  0.0000e+00 |  0.0000e+00 |  0.0000e+00 |  1.0000e+00
   116 |  1.1550e-01 |  1.0000e-03 |  0.0000e+00 |  0.0000e+00 |  0.0000e+00 |  1.0000e+00
   117 |  1.1650e-01 |  1.0000e-03 |  0.0000e+00 |  0.0000e+00 |  0.0000e+00 |  1.0000e+00
   118 |  1.1750e-01 |  1.0000e-03 |  0.0000e+00 |  0.0000e+00 |  0.0000e+00 |  1.0000e+00
   119 |  1.1850e-01 |  1.0000e-03 |  0.0000e+00 |  0.0000e+00 |  0.0000e+00 |  1.0000e+00
   120 |  1.1950e-01 |  1.0000e-03 |  0.0000e+00 |  0.0000e+00 |  0.0000e+00 |  1.0000e+00
   121 |  1.2050e-01 |  1.0000e-03 |  0.0000e+00 |  0.0000e+00 |  0.0000e+00 |  1.0000e+00
   122 |  1.2150e-01 |  1.0000e-03 |  0.0000e+00 |  0.0000e+00 |  0.0000e+00 |  1.0000e+00
   123 |  1.2250e-01 |  1.0000e-03 |  0.0000e+00 |  0.0000e+00 |  0.0000e+00 |  1.0000e+00
   124 |  1.2350e-01 |  1.0000e-03 |  0.0000e+00 |  0.0000e+00 |  0.0000e+00 |  1.0000e+00
   125 |  1.2450e-01 |  1.0000e-03 |  0.0000e+00 |  0.0000e+00 |  0.0000e+00 |        -nan

Writing visualization file advection_3D_uzi_0002_px0000_pz0000.h5
   126 |  1.2500e-01 |  5.0000e-04 |  0.0000e+00 |  0.0000e+00 |  0.0000e+00 |        -nan

Error in rho = 0
Error in u   = 0
Error in v   = 0
Error in w   = 0
Error in p   = 0

Average time per time step =  4.97261e+01
