[0 - 7f332cef0780] {4}{threads}: reservation ('DMA request queue') cannot be satisfied
======================= Problem parameters ======================
           Nx, Ny, Nz           = 64, 64, 64
           Lx, Ly, Lz           = 2.000000, 2.000000, 2.000000
           dx, dy, dz           = 0.031250, 0.031250, 0.031250
           Time stepping method = CONSTANT_CFL_NUM
           CFL_num              = 0.800000
           prow, pcol           = 1, 1
           fileIO               = true
           prefix               = advection_3D_oat_
================================================================
Finished X matrices initialization
Finished Y matrices initialization
Finished Z matrices initialization
Finished LU initialization
Finished initialization

Writing visualization file advection_3D_oat_0000_px0000_pz0000.h5

  Step |        Time |    Timestep |     Min rho |     Max rho |       Min p |       Max p
-------|-------------|-------------|-------------|-------------|-------------|------------
     1 |  2.9525e-03 |  2.9525e-03 |  0.0000e+00 |  0.0000e+00 |  0.0000e+00 |  1.0000e+00
     2 |  5.9039e-03 |  2.9513e-03 |  0.0000e+00 |  0.0000e+00 |  0.0000e+00 |  1.0000e+00
     3 |  8.8543e-03 |  2.9504e-03 |  0.0000e+00 |  0.0000e+00 |  0.0000e+00 |  1.0000e+00
     4 |  1.1804e-02 |  2.9497e-03 |  0.0000e+00 |  0.0000e+00 |  0.0000e+00 |  1.0000e+00
     5 |  1.4753e-02 |  2.9493e-03 |  0.0000e+00 |  0.0000e+00 |  0.0000e+00 |  1.0000e+00
     6 |  1.7702e-02 |  2.9491e-03 |  0.0000e+00 |  0.0000e+00 |  0.0000e+00 |  1.0000e+00
     7 |  2.0651e-02 |  2.9491e-03 |  0.0000e+00 |  0.0000e+00 |  0.0000e+00 |  1.0000e+00
     8 |  2.3601e-02 |  2.9494e-03 |  0.0000e+00 |  0.0000e+00 |  0.0000e+00 |  1.0000e+00
     9 |  2.6551e-02 |  2.9500e-03 |  0.0000e+00 |  0.0000e+00 |  0.0000e+00 |  1.0000e+00
    10 |  2.9502e-02 |  2.9508e-03 |  0.0000e+00 |  0.0000e+00 |  0.0000e+00 |  1.0000e+00
    11 |  3.2453e-02 |  2.9518e-03 |  0.0000e+00 |  0.0000e+00 |  0.0000e+00 |  1.0000e+00
    12 |  3.5405e-02 |  2.9520e-03 |  0.0000e+00 |  0.0000e+00 |  0.0000e+00 |  1.0000e+00
    13 |  3.8356e-02 |  2.9509e-03 |  0.0000e+00 |  0.0000e+00 |  0.0000e+00 |  1.0000e+00
    14 |  4.1306e-02 |  2.9501e-03 |  0.0000e+00 |  0.0000e+00 |  0.0000e+00 |  1.0000e+00
    15 |  4.4256e-02 |  2.9495e-03 |  0.0000e+00 |  0.0000e+00 |  0.0000e+00 |  1.0000e+00
    16 |  4.7205e-02 |  2.9492e-03 |  0.0000e+00 |  0.0000e+00 |  0.0000e+00 |  1.0000e+00
    17 |  5.0154e-02 |  2.9491e-03 |  0.0000e+00 |  0.0000e+00 |  0.0000e+00 |  1.0000e+00
    18 |  5.3103e-02 |  2.9492e-03 |  0.0000e+00 |  0.0000e+00 |  0.0000e+00 |  1.0000e+00
    19 |  5.6053e-02 |  2.9496e-03 |  0.0000e+00 |  0.0000e+00 |  0.0000e+00 |  1.0000e+00
    20 |  5.9003e-02 |  2.9503e-03 |  0.0000e+00 |  0.0000e+00 |  0.0000e+00 |  1.0000e+00
    21 |  6.1955e-02 |  2.9511e-03 |  0.0000e+00 |  0.0000e+00 |  0.0000e+00 |  1.0000e+00

Writing visualization file advection_3D_oat_0001_px0000_pz0000.h5
    22 |  6.2500e-02 |  5.4547e-04 |  0.0000e+00 |  0.0000e+00 |  0.0000e+00 |  1.0000e+00
    23 |  6.5453e-02 |  2.9525e-03 |  0.0000e+00 |  0.0000e+00 |  0.0000e+00 |  1.0000e+00
    24 |  6.8404e-02 |  2.9513e-03 |  0.0000e+00 |  0.0000e+00 |  0.0000e+00 |  1.0000e+00
    25 |  7.1354e-02 |  2.9504e-03 |  0.0000e+00 |  0.0000e+00 |  0.0000e+00 |  1.0000e+00
    26 |  7.4304e-02 |  2.9497e-03 |  0.0000e+00 |  0.0000e+00 |  0.0000e+00 |  1.0000e+00
    27 |  7.7253e-02 |  2.9493e-03 |  0.0000e+00 |  0.0000e+00 |  0.0000e+00 |  1.0000e+00
    28 |  8.0202e-02 |  2.9491e-03 |  0.0000e+00 |  0.0000e+00 |  0.0000e+00 |  1.0000e+00
    29 |  8.3151e-02 |  2.9491e-03 |  0.0000e+00 |  0.0000e+00 |  0.0000e+00 |  1.0000e+00
    30 |  8.6101e-02 |  2.9494e-03 |  0.0000e+00 |  0.0000e+00 |  0.0000e+00 |  1.0000e+00
    31 |  8.9051e-02 |  2.9500e-03 |  0.0000e+00 |  0.0000e+00 |  0.0000e+00 |  1.0000e+00
    32 |  9.2002e-02 |  2.9508e-03 |  0.0000e+00 |  0.0000e+00 |  0.0000e+00 |  1.0000e+00
    33 |  9.4953e-02 |  2.9518e-03 |  0.0000e+00 |  0.0000e+00 |  0.0000e+00 |  1.0000e+00
    34 |  9.7905e-02 |  2.9520e-03 |  0.0000e+00 |  0.0000e+00 |  0.0000e+00 |  1.0000e+00
    35 |  1.0086e-01 |  2.9509e-03 |  0.0000e+00 |  0.0000e+00 |  0.0000e+00 |  1.0000e+00
    36 |  1.0381e-01 |  2.9501e-03 |  0.0000e+00 |  0.0000e+00 |  0.0000e+00 |  1.0000e+00
    37 |  1.0676e-01 |  2.9495e-03 |  0.0000e+00 |  0.0000e+00 |  0.0000e+00 |  1.0000e+00
    38 |  1.0971e-01 |  2.9492e-03 |  0.0000e+00 |  0.0000e+00 |  0.0000e+00 |  1.0000e+00
    39 |  1.1265e-01 |  2.9491e-03 |  0.0000e+00 |  0.0000e+00 |  0.0000e+00 |  1.0000e+00
    40 |  1.1560e-01 |  2.9492e-03 |  0.0000e+00 |  0.0000e+00 |  0.0000e+00 |  1.0000e+00
    41 |  1.1855e-01 |  2.9496e-03 |  0.0000e+00 |  0.0000e+00 |  0.0000e+00 |  1.0000e+00
    42 |  1.2150e-01 |  2.9503e-03 |  0.0000e+00 |  0.0000e+00 |  0.0000e+00 |  1.0000e+00
    43 |  1.2445e-01 |  2.9511e-03 |  0.0000e+00 |  0.0000e+00 |  0.0000e+00 |  1.0000e+00

Writing visualization file advection_3D_oat_0002_px0000_pz0000.h5
    44 |  1.2500e-01 |  5.4549e-04 |  0.0000e+00 |  0.0000e+00 |  0.0000e+00 |  1.0000e+00

Error in rho = 0.0435248
Error in u   = 0.0850468
Error in v   = 0.0850468
Error in w   = 0.00903883
Error in p   = 0.100839

Average time per time step =  4.97022e+01
