cc -O3 -Wall -Werror -std=c99 -I/home/akshays/Codes/SuperLU_5.2.1/include -shared -fPIC -lm -lblas -L/home/akshays/Codes/SuperLU_5.2.1/lib -lsuperlu ./superlu_util.c -o /tmp/lua_1zbK0c.so
[0 - 7f06b409e780] {4}{threads}: reservation ('utility proc 1d00000000000000') cannot be satisfied
======================= Problem parameters ======================
           Nx, Ny, Nz           = 64, 64, 64
           Lx, Ly, Lz           = 2.000000, 2.000000, 2.000000
           dx, dy, dz           = 0.031250, 0.031250, 0.031250
           Time stepping method = CONSTANT_CFL_NUM
           CFL_num              = 0.800000
           prow, pcol           = 1, 1
           fileIO               = false
================================================================
Finished X matrices initialization
Finished Y matrices initialization
Finished Z matrices initialization
Finished LU initialization
Finished initialization

  Step |        Time |    Timestep |     Min rho |     Max rho |       Min p |       Max p
-------|-------------|-------------|-------------|-------------|-------------|------------
     1 |  2.9525e-03 |  2.9525e-03 |  0.0000e+00 |  0.0000e+00 |  0.0000e+00 |  1.0000e+00
     2 |  5.9039e-03 |  2.9513e-03 |  0.0000e+00 |  0.0000e+00 |  0.0000e+00 |  1.0000e+00
     3 |  8.8543e-03 |  2.9504e-03 |  0.0000e+00 |  0.0000e+00 |  0.0000e+00 |  1.0000e+00
     4 |  1.1804e-02 |  2.9497e-03 |  0.0000e+00 |  0.0000e+00 |  0.0000e+00 |  1.0000e+00
     5 |  1.4753e-02 |  2.9493e-03 |  0.0000e+00 |  0.0000e+00 |  0.0000e+00 |  1.0000e+00
     6 |  1.7702e-02 |  2.9491e-03 |  0.0000e+00 |  0.0000e+00 |  0.0000e+00 |  1.0000e+00
     7 |  2.0651e-02 |  2.9491e-03 |  0.0000e+00 |  0.0000e+00 |  0.0000e+00 |  1.0000e+00
     8 |  2.3601e-02 |  2.9494e-03 |  0.0000e+00 |  0.0000e+00 |  0.0000e+00 |  1.0000e+00
     9 |  2.6551e-02 |  2.9500e-03 |  0.0000e+00 |  0.0000e+00 |  0.0000e+00 |  1.0000e+00
    10 |  2.9502e-02 |  2.9508e-03 |  0.0000e+00 |  0.0000e+00 |  0.0000e+00 |  1.0000e+00
    11 |  3.2453e-02 |  2.9518e-03 |  0.0000e+00 |  0.0000e+00 |  0.0000e+00 |  1.0000e+00
    12 |  3.5405e-02 |  2.9520e-03 |  0.0000e+00 |  0.0000e+00 |  0.0000e+00 |  1.0000e+00
    13 |  3.8356e-02 |  2.9509e-03 |  0.0000e+00 |  0.0000e+00 |  0.0000e+00 |  1.0000e+00
    14 |  4.1306e-02 |  2.9501e-03 |  0.0000e+00 |  0.0000e+00 |  0.0000e+00 |  1.0000e+00
    15 |  4.4256e-02 |  2.9495e-03 |  0.0000e+00 |  0.0000e+00 |  0.0000e+00 |  1.0000e+00
    16 |  4.7205e-02 |  2.9492e-03 |  0.0000e+00 |  0.0000e+00 |  0.0000e+00 |  1.0000e+00
    17 |  5.0154e-02 |  2.9491e-03 |  0.0000e+00 |  0.0000e+00 |  0.0000e+00 |  1.0000e+00
    18 |  5.3103e-02 |  2.9492e-03 |  0.0000e+00 |  0.0000e+00 |  0.0000e+00 |  1.0000e+00
    19 |  5.6053e-02 |  2.9496e-03 |  0.0000e+00 |  0.0000e+00 |  0.0000e+00 |  1.0000e+00
    20 |  5.9003e-02 |  2.9503e-03 |  0.0000e+00 |  0.0000e+00 |  0.0000e+00 |  1.0000e+00
    21 |  6.1955e-02 |  2.9511e-03 |  0.0000e+00 |  0.0000e+00 |  0.0000e+00 |  1.0000e+00
    22 |  6.4907e-02 |  2.9523e-03 |  0.0000e+00 |  0.0000e+00 |  0.0000e+00 |  1.0000e+00
    23 |  6.7858e-02 |  2.9515e-03 |  0.0000e+00 |  0.0000e+00 |  0.0000e+00 |        -nan
    24 |  7.0809e-02 |  2.9506e-03 |  0.0000e+00 |  0.0000e+00 |  0.0000e+00 |        -nan
    25 |  8.0000e+99 |  8.0000e+99 |  0.0000e+00 |  0.0000e+00 |  0.0000e+00 |        -nan

Error in rho = 0
Error in u   = 0
Error in v   = 0
Error in w   = 0
Error in p   = 0

Average time per time step =  5.03761e+01
